<?xml version="1.0" encoding="UTF-8"?>
<!-- Generated by org.testng.reporters.JUnitReportReporter -->
<testsuite hostname="LyDT-Phoenix" failures="0" tests="1" name="bank.guru.user.Manager" time="1.238" errors="0" timestamp="01 Nov 2023 12:40:03 GMT" skipped="0">
  <testcase classname="bank.guru.user.Manager" name="TC_07_Date_Of_Birth_Blank" time="1.238"/>
</testsuite> <!-- bank.guru.user.Manager -->
