<?xml version="1.0" encoding="UTF-8"?>
<!-- Generated by org.testng.reporters.JUnitReportReporter -->
<testsuite hostname="LyDT-Phoenix" failures="0" tests="36" name="bank.guru.user.NewCustomer" time="36.616" errors="0" timestamp="03 Nov 2023 04:53:56 GMT" skipped="0">
  <testcase classname="bank.guru.user.NewCustomer" name="TC_35_Alert_Submit_Button_Incorrect_Field" time="1.443"/>
  <testcase classname="bank.guru.user.NewCustomer" name="TC_27_Mobile_Number_First_Blank" time="0.999"/>
  <testcase classname="bank.guru.user.NewCustomer" name="TC_20_PIN_Character" time="1.128"/>
  <testcase classname="bank.guru.user.NewCustomer" name="TC_31_Email_Without_At_Sign" time="1.042"/>
  <testcase classname="bank.guru.user.NewCustomer" name="TC_01_Verify_Text_Title_And_Text_Label" time="2.637"/>
  <testcase classname="bank.guru.user.NewCustomer" name="TC_09_Address_Blank" time="0.525"/>
  <testcase classname="bank.guru.user.NewCustomer" name="TC_07_Date_Of_Birth_Blank" time="0.490"/>
  <testcase classname="bank.guru.user.NewCustomer" name="TC_19_State_First_Blank" time="1.067"/>
  <testcase classname="bank.guru.user.NewCustomer" name="TC_17_State_Special" time="0.857"/>
  <testcase classname="bank.guru.user.NewCustomer" name="TC_06_Customer_Name_First_Character" time="0.239"/>
  <testcase classname="bank.guru.user.NewCustomer" name="TC_26_Mobile_Number_Special" time="1.066"/>
  <testcase classname="bank.guru.user.NewCustomer" name="TC_32_Email_Miss_Domain" time="1.211"/>
  <testcase classname="bank.guru.user.NewCustomer" name="TC_25_Mobile_Character" time="1.174"/>
  <testcase classname="bank.guru.user.NewCustomer" name="TC_11_City_Blank" time="0.582"/>
  <testcase classname="bank.guru.user.NewCustomer" name="TC_22_PIN_Special" time="1.058"/>
  <testcase classname="bank.guru.user.NewCustomer" name="TC_30_Email_Without_Username" time="1.157"/>
  <testcase classname="bank.guru.user.NewCustomer" name="TC_16_State_Numeic" time="0.714"/>
  <testcase classname="bank.guru.user.NewCustomer" name="TC_34_Alert_Submit_Button_Blank_Field" time="1.622"/>
  <testcase classname="bank.guru.user.NewCustomer" name="TC_08_Date_Of_Birth_Blank" time="0.436"/>
  <testcase classname="bank.guru.user.NewCustomer" name="TC_10_Address_First_Blank" time="0.506"/>
  <testcase classname="bank.guru.user.NewCustomer" name="TC_12_City_Numeic" time="0.659"/>
  <testcase classname="bank.guru.user.NewCustomer" name="TC_23_PIN_First_Blank" time="1.140"/>
  <testcase classname="bank.guru.user.NewCustomer" name="TC_28_Email_Blank" time="1.199"/>
  <testcase classname="bank.guru.user.NewCustomer" name="TC_04_Customer_Name_Numberic" time="0.216"/>
  <testcase classname="bank.guru.user.NewCustomer" name="TC_13_City_Special" time="0.619"/>
  <testcase classname="bank.guru.user.NewCustomer" name="TC_15_State_Blank" time="0.773"/>
  <testcase classname="bank.guru.user.NewCustomer" name="TC_05_Customer_Name_Special" time="0.239"/>
  <testcase classname="bank.guru.user.NewCustomer" name="TC_18_State_First_Blank" time="0.737"/>
  <testcase classname="bank.guru.user.NewCustomer" name="TC_36_Rest_Button" time="1.808"/>
  <testcase classname="bank.guru.user.NewCustomer" name="TC_37_Register_Successful" time="3.459"/>
  <testcase classname="bank.guru.user.NewCustomer" name="TC_03_Customer_Name_Blank" time="0.406"/>
  <testcase classname="bank.guru.user.NewCustomer" name="TC_14_City_First_Blank" time="0.655"/>
  <testcase classname="bank.guru.user.NewCustomer" name="TC_29_Email_First_Character_Blank" time="1.249"/>
  <testcase classname="bank.guru.user.NewCustomer" name="TC_24_Mobile_Number_Blank" time="1.168"/>
  <testcase classname="bank.guru.user.NewCustomer" name="TC_33_Password_Blank" time="1.420"/>
  <testcase classname="bank.guru.user.NewCustomer" name="TC_21_PIN_Less_Six_Digits" time="0.916"/>
</testsuite> <!-- bank.guru.user.NewCustomer -->
