<?xml version="1.0" encoding="UTF-8"?>
<!-- Generated by org.testng.reporters.JUnitReportReporter -->
<testsuite hostname="LyDT-Phoenix" failures="0" tests="5" name="bank.guru.user.RegisterAccount" time="8.813" errors="0" timestamp="31 Oct 2023 07:32:42 GMT" skipped="0">
  <testcase classname="bank.guru.user.RegisterAccount" name="TC_01_Email_Blank" time="3.013"/>
  <testcase classname="bank.guru.user.RegisterAccount" name="TC_02_Email_Without_Username" time="0.361"/>
  <testcase classname="bank.guru.user.RegisterAccount" name="TC_04_Email_Without_Domail" time="0.306"/>
  <testcase classname="bank.guru.user.RegisterAccount" name="TC_05_SignUpAccountSuccess" time="4.858"/>
  <testcase classname="bank.guru.user.RegisterAccount" name="TC_03_Email_Without_At_Sign" time="0.275"/>
</testsuite> <!-- bank.guru.user.RegisterAccount -->
