<?xml version="1.0" encoding="UTF-8"?>
<!-- Generated by org.testng.reporters.JUnitReportReporter -->
<testsuite hostname="LyDT-Phoenix" failures="0" tests="1" name="bank.guru.user.Manager" time="5.519" errors="0" timestamp="02 Nov 2023 09:53:29 GMT" skipped="0">
  <testcase classname="bank.guru.user.Manager" name="TC_37_Register_Successful" time="5.519"/>
</testsuite> <!-- bank.guru.user.Manager -->
