<?xml version="1.0" encoding="UTF-8"?>
<!-- Generated by org.testng.reporters.JUnitReportReporter -->
<testsuite hostname="LyDT-Phoenix" failures="0" tests="5" name="bank.guru.user.LoginUser" time="8.776" errors="0" timestamp="31 Oct 2023 12:18:27 GMT" skipped="0">
  <testcase classname="bank.guru.user.LoginUser" name="TC_03_UserID_Incorrect" time="1.487"/>
  <testcase classname="bank.guru.user.LoginUser" name="TC_02_Password_Blank" time="0.485"/>
  <testcase classname="bank.guru.user.LoginUser" name="TC_05_Login_Successfully" time="3.399"/>
  <testcase classname="bank.guru.user.LoginUser" name="TC_01_UserID_Blank" time="1.036"/>
  <testcase classname="bank.guru.user.LoginUser" name="TC_04_Password_Incorrect" time="2.369"/>
</testsuite> <!-- bank.guru.user.LoginUser -->
